{"total": {"lines":{"total":42,"covered":15,"skipped":0,"pct":35.71},"statements":{"total":42,"covered":15,"skipped":0,"pct":35.71},"functions":{"total":3,"covered":2,"skipped":0,"pct":66.66},"branches":{"total":14,"covered":13,"skipped":0,"pct":92.85},"branchesTrue":{"total":0,"covered":0,"skipped":0,"pct":100}}
,"/Users/m_kang2/dev/undefinedify-null/build.js": {"lines":{"total":27,"covered":0,"skipped":0,"pct":0},"functions":{"total":1,"covered":0,"skipped":0,"pct":0},"statements":{"total":27,"covered":0,"skipped":0,"pct":0},"branches":{"total":1,"covered":0,"skipped":0,"pct":0}}
,"/Users/m_kang2/dev/undefinedify-null/src/index.ts": {"lines":{"total":15,"covered":15,"skipped":0,"pct":100},"functions":{"total":2,"covered":2,"skipped":0,"pct":100},"statements":{"total":15,"covered":15,"skipped":0,"pct":100},"branches":{"total":13,"covered":13,"skipped":0,"pct":100}}
}
