{"/Users/m_kang2/dev/undefinedify-null/build.js": {"path":"/Users/m_kang2/dev/undefinedify-null/build.js","all":true,"statementMap":{"0":{"start":{"line":1,"column":0},"end":{"line":1,"column":37}},"1":{"start":{"line":2,"column":0},"end":{"line":2,"column":69}},"2":{"start":{"line":3,"column":0},"end":{"line":3,"column":41}},"3":{"start":{"line":4,"column":0},"end":{"line":4,"column":0}},"4":{"start":{"line":5,"column":0},"end":{"line":5,"column":15}},"5":{"start":{"line":6,"column":0},"end":{"line":6,"column":24}},"6":{"start":{"line":7,"column":0},"end":{"line":7,"column":28}},"7":{"start":{"line":8,"column":0},"end":{"line":8,"column":14}},"8":{"start":{"line":9,"column":0},"end":{"line":9,"column":0}},"9":{"start":{"line":10,"column":0},"end":{"line":10,"column":22}},"10":{"start":{"line":11,"column":0},"end":{"line":11,"column":32}},"11":{"start":{"line":12,"column":0},"end":{"line":12,"column":15}},"12":{"start":{"line":13,"column":0},"end":{"line":13,"column":15}},"13":{"start":{"line":14,"column":0},"end":{"line":14,"column":2}},"14":{"start":{"line":15,"column":0},"end":{"line":15,"column":0}},"15":{"start":{"line":16,"column":0},"end":{"line":16,"column":7}},"16":{"start":{"line":17,"column":0},"end":{"line":17,"column":18}},"17":{"start":{"line":18,"column":0},"end":{"line":18,"column":30}},"18":{"start":{"line":19,"column":0},"end":{"line":19,"column":27}},"19":{"start":{"line":20,"column":0},"end":{"line":20,"column":3}},"20":{"start":{"line":21,"column":0},"end":{"line":21,"column":0}},"21":{"start":{"line":22,"column":0},"end":{"line":22,"column":7}},"22":{"start":{"line":23,"column":0},"end":{"line":23,"column":18}},"23":{"start":{"line":24,"column":0},"end":{"line":24,"column":31}},"24":{"start":{"line":25,"column":0},"end":{"line":25,"column":33}},"25":{"start":{"line":26,"column":0},"end":{"line":26,"column":16}},"26":{"start":{"line":27,"column":0},"end":{"line":27,"column":3}}},"s":{"0":0,"1":0,"2":0,"3":0,"4":0,"5":0,"6":0,"7":0,"8":0,"9":0,"10":0,"11":0,"12":0,"13":0,"14":0,"15":0,"16":0,"17":0,"18":0,"19":0,"20":0,"21":0,"22":0,"23":0,"24":0,"25":0,"26":0},"branchMap":{"0":{"type":"branch","line":1,"loc":{"start":{"line":1,"column":0},"end":{"line":27,"column":3}},"locations":[{"start":{"line":1,"column":0},"end":{"line":27,"column":3}}]}},"b":{"0":[0]},"fnMap":{"0":{"name":"(empty-report)","decl":{"start":{"line":1,"column":0},"end":{"line":27,"column":3}},"loc":{"start":{"line":1,"column":0},"end":{"line":27,"column":3}},"line":1}},"f":{"0":0}}
,"/Users/m_kang2/dev/undefinedify-null/src/index.ts": {"path":"/Users/m_kang2/dev/undefinedify-null/src/index.ts","all":false,"statementMap":{"0":{"start":{"line":1,"column":0},"end":{"line":1,"column":50}},"1":{"start":{"line":2,"column":0},"end":{"line":2,"column":58}},"2":{"start":{"line":3,"column":0},"end":{"line":3,"column":13}},"3":{"start":{"line":4,"column":0},"end":{"line":4,"column":1}},"4":{"start":{"line":5,"column":0},"end":{"line":5,"column":0}},"5":{"start":{"line":6,"column":0},"end":{"line":6,"column":60}},"6":{"start":{"line":7,"column":0},"end":{"line":7,"column":58}},"7":{"start":{"line":8,"column":0},"end":{"line":8,"column":27}},"8":{"start":{"line":9,"column":0},"end":{"line":9,"column":47}},"9":{"start":{"line":10,"column":0},"end":{"line":10,"column":3}},"10":{"start":{"line":11,"column":0},"end":{"line":11,"column":32}},"11":{"start":{"line":12,"column":0},"end":{"line":12,"column":115}},"12":{"start":{"line":13,"column":0},"end":{"line":13,"column":3}},"13":{"start":{"line":14,"column":0},"end":{"line":14,"column":13}},"14":{"start":{"line":15,"column":0},"end":{"line":15,"column":1}}},"s":{"0":1,"1":11,"2":9,"3":9,"4":1,"5":1,"6":41,"7":41,"8":4,"9":4,"10":41,"11":3,"12":3,"13":24,"14":24},"branchMap":{"0":{"type":"branch","line":1,"loc":{"start":{"line":1,"column":7},"end":{"line":4,"column":1}},"locations":[{"start":{"line":1,"column":7},"end":{"line":4,"column":1}}]},"1":{"type":"branch","line":2,"loc":{"start":{"line":2,"column":14},"end":{"line":2,"column":41}},"locations":[{"start":{"line":2,"column":14},"end":{"line":2,"column":41}}]},"2":{"type":"branch","line":2,"loc":{"start":{"line":2,"column":41},"end":{"line":2,"column":58}},"locations":[{"start":{"line":2,"column":41},"end":{"line":2,"column":58}}]},"3":{"type":"branch","line":2,"loc":{"start":{"line":2,"column":48},"end":{"line":4,"column":1}},"locations":[{"start":{"line":2,"column":48},"end":{"line":4,"column":1}}]},"4":{"type":"branch","line":6,"loc":{"start":{"line":6,"column":7},"end":{"line":15,"column":1}},"locations":[{"start":{"line":6,"column":7},"end":{"line":15,"column":1}}]},"5":{"type":"branch","line":7,"loc":{"start":{"line":7,"column":14},"end":{"line":7,"column":41}},"locations":[{"start":{"line":7,"column":14},"end":{"line":7,"column":41}}]},"6":{"type":"branch","line":7,"loc":{"start":{"line":7,"column":41},"end":{"line":7,"column":58}},"locations":[{"start":{"line":7,"column":41},"end":{"line":7,"column":58}}]},"7":{"type":"branch","line":7,"loc":{"start":{"line":7,"column":48},"end":{"line":8,"column":26}},"locations":[{"start":{"line":7,"column":48},"end":{"line":8,"column":26}}]},"8":{"type":"branch","line":8,"loc":{"start":{"line":8,"column":26},"end":{"line":10,"column":3}},"locations":[{"start":{"line":8,"column":26},"end":{"line":10,"column":3}}]},"9":{"type":"branch","line":10,"loc":{"start":{"line":10,"column":2},"end":{"line":11,"column":31}},"locations":[{"start":{"line":10,"column":2},"end":{"line":11,"column":31}}]},"10":{"type":"branch","line":11,"loc":{"start":{"line":11,"column":31},"end":{"line":13,"column":3}},"locations":[{"start":{"line":11,"column":31},"end":{"line":13,"column":3}}]},"11":{"type":"branch","line":13,"loc":{"start":{"line":13,"column":2},"end":{"line":15,"column":1}},"locations":[{"start":{"line":13,"column":2},"end":{"line":15,"column":1}}]},"12":{"type":"branch","line":12,"loc":{"start":{"line":12,"column":54},"end":{"line":12,"column":112}},"locations":[{"start":{"line":12,"column":54},"end":{"line":12,"column":112}}]}},"b":{"0":[11],"1":[10],"2":[2],"3":[9],"4":[41],"5":[35],"6":[10],"7":[31],"8":[4],"9":[27],"10":[3],"11":[24],"12":[13]},"fnMap":{"0":{"name":"undefinedifyNull","decl":{"start":{"line":1,"column":7},"end":{"line":4,"column":1}},"loc":{"start":{"line":1,"column":7},"end":{"line":4,"column":1}},"line":1},"1":{"name":"undefinedifyNullProperties","decl":{"start":{"line":6,"column":7},"end":{"line":15,"column":1}},"loc":{"start":{"line":6,"column":7},"end":{"line":15,"column":1}},"line":6}},"f":{"0":11,"1":41}}
}
